<?xml version="1.0" encoding="UTF-8"?>
<testng-results skipped="0" failed="0" ignored="0" total="1" passed="1">
  <reporter-output>
  </reporter-output>
  <suite name="Default suite" duration-ms="29173" started-at="2020-05-23T16:18:40Z" finished-at="2020-05-23T16:19:10Z">
    <groups>
    </groups>
    <test name="Default test" duration-ms="29173" started-at="2020-05-23T16:18:40Z" finished-at="2020-05-23T16:19:10Z">
      <class name="TestPackage.TestDemo">
        <test-method status="PASS" signature="setup()[pri:0, instance:TestPackage.TestDemo@4566e5bd]" name="setup" duration-ms="29008" started-at="2020-05-23T21:48:41Z" finished-at="2020-05-23T21:49:10Z">
          <reporter-output>
          </reporter-output>
        </test-method> <!-- setup -->
      </class> <!-- TestPackage.TestDemo -->
    </test> <!-- Default test -->
  </suite> <!-- Default suite -->
</testng-results>
